[2023-08-25 17:23:35] Текст ошибки: ошибка | Файл: C:\OpenServer\domains\new-ishop.loc\public\index.php | Строка: 11
=================
[2023-08-25 17:30:22] Текст ошибки: Undefined variable $re | Файл: C:\OpenServer\domains\new-ishop.loc\public\index.php | Строка: 12
=================
[2023-08-25 17:32:12] Текст ошибки: ошибка | Файл: C:\OpenServer\domains\new-ishop.loc\public\index.php | Строка: 11
=================
[2023-08-25 17:33:52] Текст ошибки: ошибка | Файл: C:\OpenServer\domains\new-ishop.loc\public\index.php | Строка: 11
=================
[2023-08-25 17:34:16] Текст ошибки: ошибка | Файл: C:\OpenServer\domains\new-ishop.loc\public\index.php | Строка: 11
=================
[2023-09-13 16:38:59] Текст ошибки: Call to undefined method wfm\Router::upperCamelCase() | Файл: C:\OpenServer\domains\new-ishop.loc\vendor\wfm\Router.php | Строка: 57
=================
[2023-09-13 16:41:42] Текст ошибки: Array to string conversion | Файл: C:\OpenServer\domains\new-ishop.loc\vendor\wfm\Router.php | Строка: 41
=================
[2023-09-13 16:42:48] Текст ошибки: Call to undefined method wfm\Router::upperCamelCase() | Файл: C:\OpenServer\domains\new-ishop.loc\vendor\wfm\Router.php | Строка: 58
=================
[2023-09-13 17:03:12] Текст ошибки: Call to undefined method wfm\Router::upperCamelCase() | Файл: C:\OpenServer\domains\new-ishop.loc\vendor\wfm\Router.php | Строка: 56
=================
[2023-09-13 17:06:27] Текст ошибки: Call to undefined method wfm\Router::upperCamelCase() | Файл: C:\OpenServer\domains\new-ishop.loc\vendor\wfm\Router.php | Строка: 56
=================
[2023-09-13 17:07:58] Текст ошибки: Call to undefined method wfm\Router::upperCamelCase() | Файл: C:\OpenServer\domains\new-ishop.loc\vendor\wfm\Router.php | Строка: 56
=================
[2023-09-13 17:07:59] Текст ошибки: Call to undefined method wfm\Router::upperCamelCase() | Файл: C:\OpenServer\domains\new-ishop.loc\vendor\wfm\Router.php | Строка: 56
=================
[2023-09-13 17:07:59] Текст ошибки: Call to undefined method wfm\Router::upperCamelCase() | Файл: C:\OpenServer\domains\new-ishop.loc\vendor\wfm\Router.php | Строка: 56
=================
[2023-09-13 17:42:45] Текст ошибки: Контроллер app\controllers\YtfhUuiController не найден | Файл: C:\OpenServer\domains\new-ishop.loc\vendor\wfm\Router.php | Строка: 41
=================
[2023-09-13 17:42:58] Текст ошибки: Контроллер app\controllers\MainController не найден | Файл: C:\OpenServer\domains\new-ishop.loc\vendor\wfm\Router.php | Строка: 41
=================
[2023-09-18 13:29:13] Текст ошибки: Страница не найдена | Файл: C:\OpenServer\domains\new-ishop.loc\vendor\wfm\Router.php | Строка: 44
=================
[2023-09-18 13:50:11] Текст ошибки: Страница не найдена | Файл: C:\OpenServer\domains\new-ishop.loc\vendor\wfm\Router.php | Строка: 56
=================
[2023-09-18 13:50:12] Текст ошибки: Страница не найдена | Файл: C:\OpenServer\domains\new-ishop.loc\vendor\wfm\Router.php | Строка: 56
=================
[2023-09-27 13:31:09] Текст ошибки: Страница не найдена | Файл: C:\OpenServer\domains\new-ishop.loc\vendor\wfm\Router.php | Строка: 56
=================
[2023-09-27 13:58:36] Текст ошибки: syntax error, unexpected token "public", expecting end of file | Файл: C:\OpenServer\domains\new-ishop.loc\vendor\wfm\Controller.php | Строка: 42
=================
[2023-09-27 13:59:52] Текст ошибки: Не найден вид C:\OpenServer\domains\new-ishop.loc/app/views/Main/index.php | Файл: C:\OpenServer\domains\new-ishop.loc\vendor\wfm\View.php | Строка: 35
=================
[2023-09-27 14:04:28] Текст ошибки: Страница не найдена | Файл: C:\OpenServer\domains\new-ishop.loc\vendor\wfm\Router.php | Строка: 58
=================
[2023-09-27 14:04:32] Текст ошибки: Call to undefined method app\controllers\admin\MainController::getModel() | Файл: C:\OpenServer\domains\new-ishop.loc\vendor\wfm\Router.php | Строка: 46
=================
[2023-09-27 14:19:31] Текст ошибки: Страница не найдена | Файл: C:\OpenServer\domains\new-ishop.loc\vendor\wfm\Router.php | Строка: 58
=================
[2023-09-27 14:21:01] Текст ошибки: Не найден вид C:\OpenServer\domains\new-ishop.loc/app/views/Page/view.php | Файл: C:\OpenServer\domains\new-ishop.loc\vendor\wfm\View.php | Строка: 35
=================
[2023-09-27 14:42:24] Текст ошибки: Call to undefined function wfm\h() | Файл: C:\OpenServer\domains\new-ishop.loc\vendor\wfm\View.php | Строка: 50
=================
